This is pdfTeX, Version 3.14159265-2.6-1.40.18 (TeX Live 2017/Debian) (preloaded format=pdflatex 2019.7.18)  19 JUL 2019 10:48
entering extended mode
 restricted \write18 enabled.
 %&-line parsing enabled.
**"Relatório Final Lívio-2018.tex"
(./Relatório Final Lívio-2018.tex
LaTeX2e <2017-04-15>
Babel <3.18> and hyphenation patterns for 3 language(s) loaded.
(/usr/share/texlive/texmf-dist/tex/latex/base/article.cls
Document Class: article 2014/09/29 v1.4h Standard LaTeX document class
(/usr/share/texlive/texmf-dist/tex/latex/base/size12.clo
File: size12.clo 2014/09/29 v1.4h Standard LaTeX file (size option)
)
\c@part=\count79
\c@section=\count80
\c@subsection=\count81
\c@subsubsection=\count82
\c@paragraph=\count83
\c@subparagraph=\count84
\c@figure=\count85
\c@table=\count86
\abovecaptionskip=\skip41
\belowcaptionskip=\skip42
\bibindent=\dimen102
)
(/usr/share/texlive/texmf-dist/tex/latex/base/inputenc.sty
Package: inputenc 2015/03/17 v1.2c Input encoding file
\inpenc@prehook=\toks14
\inpenc@posthook=\toks15

(/usr/share/texlive/texmf-dist/tex/latex/base/ansinew.def
File: ansinew.def 2015/03/17 v1.2c Input encoding file
))
(/usr/share/texlive/texmf-dist/tex/latex/graphics/graphics.sty
Package: graphics 2017/06/25 v1.2c Standard LaTeX Graphics (DPC,SPQR)

(/usr/share/texlive/texmf-dist/tex/latex/graphics/trig.sty
Package: trig 2016/01/03 v1.10 sin cos tan (DPC)
)
(/usr/share/texlive/texmf-dist/tex/latex/graphics-cfg/graphics.cfg
File: graphics.cfg 2016/06/04 v1.11 sample graphics configuration
)
Package graphics Info: Driver file: pdftex.def on input line 99.

(/usr/share/texlive/texmf-dist/tex/latex/graphics-def/pdftex.def
File: pdftex.def 2018/01/08 v1.0l Graphics/color driver for pdftex
))
(/usr/share/texlive/texmf-dist/tex/latex/graphics/graphicx.sty
Package: graphicx 2017/06/01 v1.1a Enhanced LaTeX Graphics (DPC,SPQR)

(/usr/share/texlive/texmf-dist/tex/latex/graphics/keyval.sty
Package: keyval 2014/10/28 v1.15 key=value parser (DPC)
\KV@toks@=\toks16
)
\Gin@req@height=\dimen103
\Gin@req@width=\dimen104
)
(/usr/share/texlive/texmf-dist/tex/latex/amsmath/amsmath.sty
Package: amsmath 2017/09/02 v2.17a AMS math features
\@mathmargin=\skip43

For additional information on amsmath, use the `?' option.
(/usr/share/texlive/texmf-dist/tex/latex/amsmath/amstext.sty
Package: amstext 2000/06/29 v2.01 AMS text

(/usr/share/texlive/texmf-dist/tex/latex/amsmath/amsgen.sty
File: amsgen.sty 1999/11/30 v2.0 generic functions
\@emptytoks=\toks17
\ex@=\dimen105
))
(/usr/share/texlive/texmf-dist/tex/latex/amsmath/amsbsy.sty
Package: amsbsy 1999/11/29 v1.2d Bold Symbols
\pmbraise@=\dimen106
)
(/usr/share/texlive/texmf-dist/tex/latex/amsmath/amsopn.sty
Package: amsopn 2016/03/08 v2.02 operator names
)
\inf@bad=\count87
LaTeX Info: Redefining \frac on input line 213.
\uproot@=\count88
\leftroot@=\count89
LaTeX Info: Redefining \overline on input line 375.
\classnum@=\count90
\DOTSCASE@=\count91
LaTeX Info: Redefining \ldots on input line 472.
LaTeX Info: Redefining \dots on input line 475.
LaTeX Info: Redefining \cdots on input line 596.
\Mathstrutbox@=\box26
\strutbox@=\box27
\big@size=\dimen107
LaTeX Font Info:    Redeclaring font encoding OML on input line 712.
LaTeX Font Info:    Redeclaring font encoding OMS on input line 713.
\macc@depth=\count92
\c@MaxMatrixCols=\count93
\dotsspace@=\muskip10
\c@parentequation=\count94
\dspbrk@lvl=\count95
\tag@help=\toks18
\row@=\count96
\column@=\count97
\maxfields@=\count98
\andhelp@=\toks19
\eqnshift@=\dimen108
\alignsep@=\dimen109
\tagshift@=\dimen110
\tagwidth@=\dimen111
\totwidth@=\dimen112
\lineht@=\dimen113
\@envbody=\toks20
\multlinegap=\skip44
\multlinetaggap=\skip45
\mathdisplay@stack=\toks21
LaTeX Info: Redefining \[ on input line 2817.
LaTeX Info: Redefining \] on input line 2818.
)
(/usr/share/texlive/texmf-dist/tex/latex/amsfonts/amsfonts.sty
Package: amsfonts 2013/01/14 v3.01 Basic AMSFonts support
\symAMSa=\mathgroup4
\symAMSb=\mathgroup5
LaTeX Font Info:    Overwriting math alphabet `\mathfrak' in version `bold'
(Font)                  U/euf/m/n --> U/euf/b/n on input line 106.
)
(/usr/share/texlive/texmf-dist/tex/latex/amsfonts/amssymb.sty
Package: amssymb 2013/01/14 v3.01 AMS font symbols
)
(./Relatório Final Lívio-2018.aux)
\openout1 = `"Relatório Final Lívio-2018.aux"'.

LaTeX Font Info:    Checking defaults for OML/cmm/m/it on input line 6.
LaTeX Font Info:    ... okay on input line 6.
LaTeX Font Info:    Checking defaults for T1/cmr/m/n on input line 6.
LaTeX Font Info:    ... okay on input line 6.
LaTeX Font Info:    Checking defaults for OT1/cmr/m/n on input line 6.
LaTeX Font Info:    ... okay on input line 6.
LaTeX Font Info:    Checking defaults for OMS/cmsy/m/n on input line 6.
LaTeX Font Info:    ... okay on input line 6.
LaTeX Font Info:    Checking defaults for OMX/cmex/m/n on input line 6.
LaTeX Font Info:    ... okay on input line 6.
LaTeX Font Info:    Checking defaults for U/cmr/m/n on input line 6.
LaTeX Font Info:    ... okay on input line 6.

(/usr/share/texlive/texmf-dist/tex/context/base/mkii/supp-pdf.mkii
[Loading MPS to PDF converter (version 2006.09.02).]
\scratchcounter=\count99
\scratchdimen=\dimen114
\scratchbox=\box28
\nofMPsegments=\count100
\nofMParguments=\count101
\everyMPshowfont=\toks22
\MPscratchCnt=\count102
\MPscratchDim=\dimen115
\MPnumerator=\count103
\makeMPintoPDFobject=\count104
\everyMPtoPDFconversion=\toks23
) (/usr/share/texlive/texmf-dist/tex/latex/oberdiek/epstopdf-base.sty
Package: epstopdf-base 2016/05/15 v2.6 Base part for package epstopdf

(/usr/share/texlive/texmf-dist/tex/generic/oberdiek/infwarerr.sty
Package: infwarerr 2016/05/16 v1.4 Providing info/warning/error messages (HO)
)
(/usr/share/texlive/texmf-dist/tex/latex/oberdiek/grfext.sty
Package: grfext 2016/05/16 v1.2 Manage graphics extensions (HO)

(/usr/share/texlive/texmf-dist/tex/generic/oberdiek/kvdefinekeys.sty
Package: kvdefinekeys 2016/05/16 v1.4 Define keys (HO)

(/usr/share/texlive/texmf-dist/tex/generic/oberdiek/ltxcmds.sty
Package: ltxcmds 2016/05/16 v1.23 LaTeX kernel commands for general use (HO)
)))
(/usr/share/texlive/texmf-dist/tex/latex/oberdiek/kvoptions.sty
Package: kvoptions 2016/05/16 v3.12 Key value format for package options (HO)

(/usr/share/texlive/texmf-dist/tex/generic/oberdiek/kvsetkeys.sty
Package: kvsetkeys 2016/05/16 v1.17 Key value parser (HO)

(/usr/share/texlive/texmf-dist/tex/generic/oberdiek/etexcmds.sty
Package: etexcmds 2016/05/16 v1.6 Avoid name clashes with e-TeX commands (HO)

(/usr/share/texlive/texmf-dist/tex/generic/oberdiek/ifluatex.sty
Package: ifluatex 2016/05/16 v1.4 Provides the ifluatex switch (HO)
Package ifluatex Info: LuaTeX not detected.
)
Package etexcmds Info: Could not find \expanded.
(etexcmds)             That can mean that you are not using pdfTeX 1.50 or
(etexcmds)             that some package has redefined \expanded.
(etexcmds)             In the latter case, load this package earlier.
)))
(/usr/share/texlive/texmf-dist/tex/generic/oberdiek/pdftexcmds.sty
Package: pdftexcmds 2018/01/21 v0.26 Utility functions of pdfTeX for LuaTeX (HO
)

(/usr/share/texlive/texmf-dist/tex/generic/oberdiek/ifpdf.sty
Package: ifpdf 2017/03/15 v3.2 Provides the ifpdf switch
)
Package pdftexcmds Info: LuaTeX not detected.
Package pdftexcmds Info: \pdf@primitive is available.
Package pdftexcmds Info: \pdf@ifprimitive is available.
Package pdftexcmds Info: \pdfdraftmode found.
)
Package epstopdf-base Info: Redefining graphics rule for `.eps' on input line 4
38.
Package grfext Info: Graphics extension search list:
(grfext)             [.pdf,.png,.jpg,.mps,.jpeg,.jbig2,.jb2,.PDF,.PNG,.JPG,.JPE
G,.JBIG2,.JB2,.eps]
(grfext)             \AppendGraphicsExtensions on input line 456.

(/usr/share/texlive/texmf-dist/tex/latex/latexconfig/epstopdf-sys.cfg
File: epstopdf-sys.cfg 2010/07/13 v1.3 Configuration of (r)epstopdf for TeX Liv
e
))
<federal.JPG, id=1, 144.54pt x 118.19156pt>
File: federal.JPG Graphic file (type jpg)
<use federal.JPG>
Package pdftex.def Info: federal.JPG  used on input line 10.
(pdftex.def)             Requested size: 115.63214pt x 94.55338pt.

[1

{/var/lib/texmf/fonts/map/pdftex/updmap/pdftex.map} <./federal.JPG>] [2]
(./Relatório Final Lívio-2018.toc
LaTeX Font Info:    Try loading font information for U+msa on input line 15.

(/usr/share/texlive/texmf-dist/tex/latex/amsfonts/umsa.fd
File: umsa.fd 2013/01/14 v3.01 AMS symbols A
)
LaTeX Font Info:    Try loading font information for U+msb on input line 15.

(/usr/share/texlive/texmf-dist/tex/latex/amsfonts/umsb.fd
File: umsb.fd 2013/01/14 v3.01 AMS symbols B
))
\tf@toc=\write3
\openout3 = `"Relatório Final Lívio-2018.toc"'.

 [3] [4] [5]
[6] [7]
<potencial.png, id=31, 180.675pt x 176.66pt>
File: potencial.png Graphic file (type png)
<use potencial.png>
Package pdftex.def Info: potencial.png  used on input line 129.
(pdftex.def)             Requested size: 180.67455pt x 176.65956pt.
<funcaoradial.jpg, id=33, 245.718pt x 205.36725pt>
File: funcaoradial.jpg Graphic file (type jpg)
<use funcaoradial.jpg>
Package pdftex.def Info: funcaoradial.jpg  used on input line 141.
(pdftex.def)             Requested size: 221.14415pt x 184.82881pt.
 [8 <./potencial.png>]
LaTeX Font Info:    Try loading font information for OMS+cmr on input line 152.


(/usr/share/texlive/texmf-dist/tex/latex/base/omscmr.fd
File: omscmr.fd 2014/09/29 v2.5h Standard LaTeX font definitions
)
LaTeX Font Info:    Font shape `OMS/cmr/m/n' in size <12> not available
(Font)              Font shape `OMS/cmsy/m/n' tried instead on input line 152.
LaTeX Font Info:    Font shape `OMS/cmr/m/sl' in size <12> not available
(Font)              Font shape `OMS/cmsy/m/n' tried instead on input line 157.
 [9 <./funcaoradial.jpg>]

LaTeX Warning: Command \r invalid in math mode on input line 174.

<subrotina2.png, id=45, 465.99094pt x 543.53062pt>
File: subrotina2.png Graphic file (type png)
<use subrotina2.png>
Package pdftex.def Info: subrotina2.png  used on input line 178.
(pdftex.def)             Requested size: 270.27492pt x 315.24797pt.

LaTeX Warning: `!h' float specifier changed to `!ht'.

<velocidade-posicao.png, id=46, 441.14813pt x 153.57375pt>
File: velocidade-posicao.png Graphic file (type png)
<use velocidade-posicao.png>
Package pdftex.def Info: velocidade-posicao.png  used on input line 201.
(pdftex.def)             Requested size: 352.91898pt x 122.85915pt.

LaTeX Warning: `!h' float specifier changed to `!ht'.

[10]
Overfull \vbox (14.35712pt too high) has occurred while \output is active []


[11 <./subrotina2.png> <./velocidade-posicao.png>]

LaTeX Warning: Command \r invalid in math mode on input line 224.

<energia.png, id=55, 495.35063pt x 146.04562pt>
File: energia.png Graphic file (type png)
<use energia.png>
Package pdftex.def Info: energia.png  used on input line 234.
(pdftex.def)             Requested size: 396.28105pt x 116.83664pt.

Overfull \hbox (6.28105pt too wide) in paragraph at lines 234--235
 [][] 
 []

[12 <./energia.png>]
<subrotina1.png, id=61, 620.3175pt x 517.935pt>
File: subrotina1.png Graphic file (type png)
<use subrotina1.png>
Package pdftex.def Info: subrotina1.png  used on input line 264.
(pdftex.def)             Requested size: 434.2193pt x 362.55202pt.

Overfull \hbox (44.2193pt too wide) in paragraph at lines 264--265
 [][] 
 []


LaTeX Warning: `!h' float specifier changed to `!ht'.

<condicoesdecontorno.png, id=62, 294.34969pt x 217.5628pt>
File: condicoesdecontorno.png Graphic file (type png)
<use condicoesdecontorno.png>
Package pdftex.def Info: condicoesdecontorno.png  used on input line 278.
(pdftex.def)             Requested size: 235.48006pt x 174.05048pt.

LaTeX Warning: `!h' float specifier changed to `!ht'.

<contorno.png, id=63, 225.09094pt x 206.27063pt>
File: contorno.png Graphic file (type png)
<use contorno.png>
Package pdftex.def Info: contorno.png  used on input line 284.
(pdftex.def)             Requested size: 180.07298pt x 165.01671pt.

LaTeX Warning: `!h' float specifier changed to `!ht'.

[13] [14 <./subrotina1.png>] [15 <./condicoesdecontorno.png> <./contorno.png>]
<10-0-circular.png, id=77, 383.18156pt x 365.11406pt>
File: 10-0-circular.png Graphic file (type png)
<use 10-0-circular.png>
Package pdftex.def Info: 10-0-circular.png  used on input line 297.
(pdftex.def)             Requested size: 114.95535pt x 109.53505pt.
<10-0-colaps.png, id=78, 354.57469pt x 346.29375pt>
File: 10-0-colaps.png Graphic file (type png)
<use 10-0-colaps.png>
Package pdftex.def Info: 10-0-colaps.png  used on input line 303.
(pdftex.def)             Requested size: 106.37321pt x 103.88892pt.
<17-0-colaps.png, id=79, 357.58594pt x 360.59718pt>
File: 17-0-colaps.png Graphic file (type png)
<use 17-0-colaps.png>
Package pdftex.def Info: 17-0-colaps.png  used on input line 315.
(pdftex.def)             Requested size: 107.2766pt x 108.17998pt.


LaTeX Warning: `!h' float specifier changed to `!ht'.

[16 <./10-0-circular.png> <./10-0-colaps.png>]
<10-0.png, id=85, 706.89093pt x 496.10344pt>
File: 10-0.png Graphic file (type png)
<use 10-0.png>
Package pdftex.def Info: 10-0.png  used on input line 346.
(pdftex.def)             Requested size: 282.75136pt x 198.43785pt.


LaTeX Warning: `!h' float specifier changed to `!ht'.

<15-0.png, id=86, 706.13812pt x 490.83376pt>
File: 15-0.png Graphic file (type png)
<use 15-0.png>
Package pdftex.def Info: 15-0.png  used on input line 352.
(pdftex.def)             Requested size: 282.45024pt x 196.33002pt.

LaTeX Warning: `!h' float specifier changed to `!ht'.

<20-0.png, id=87, 715.92468pt x 490.08093pt>
File: 20-0.png Graphic file (type png)
<use 20-0.png>
Package pdftex.def Info: 20-0.png  used on input line 358.
(pdftex.def)             Requested size: 286.36479pt x 196.0289pt.

LaTeX Warning: `!h' float specifier changed to `!ht'.


LaTeX Warning: Command \r invalid in math mode on input line 371.


LaTeX Warning: Command \r invalid in math mode on input line 371.

[17 <./17-0-colaps.png>] [18 <./10-0.png> <./15-0.png>]
<velocidades.png, id=97, 273.27094pt x 187.45032pt>
File: velocidades.png Graphic file (type png)
<use velocidades.png>
Package pdftex.def Info: velocidades.png  used on input line 375.
(pdftex.def)             Requested size: 218.61702pt x 149.96043pt.
 [19 <./20-0.png> <./velocidades.png>]
<pressaodensidade.png, id=104, 402.75468pt x 313.17pt>
File: pressaodensidade.png Graphic file (type png)
<use pressaodensidade.png>
Package pdftex.def Info: pressaodensidade.png  used on input line 406.
(pdftex.def)             Requested size: 241.65466pt x 187.90344pt.


LaTeX Warning: Command \r invalid in math mode on input line 407.


LaTeX Warning: Command \r invalid in math mode on input line 407.


LaTeX Warning: Command \r invalid in math mode on input line 407.


LaTeX Warning: Command \r invalid in math mode on input line 407.


LaTeX Warning: `!h' float specifier changed to `!ht'.

<tempdensidade.png, id=105, 417.81094pt x 316.93407pt>
File: tempdensidade.png Graphic file (type png)
<use tempdensidade.png>
Package pdftex.def Info: tempdensidade.png  used on input line 413.
(pdftex.def)             Requested size: 250.68849pt x 190.1619pt.

LaTeX Warning: Command \r invalid in math mode on input line 414.


LaTeX Warning: Command \r invalid in math mode on input line 414.


LaTeX Warning: Command \r invalid in math mode on input line 414.


LaTeX Warning: Command \r invalid in math mode on input line 414.


LaTeX Warning: `!h' float specifier changed to `!ht'.

[20] [21 <./pressaodensidade.png> <./tempdensidade.png>]
<contalpha.png, id=114, 424.58624pt x 309.40594pt>
File: contalpha.png Graphic file (type png)
<use contalpha.png>
Package pdftex.def Info: contalpha.png  used on input line 431.
(pdftex.def)             Requested size: 254.75371pt x 185.64499pt.
<Pc-d.pdf, id=115, 845.1575pt x 597.23125pt>
File: Pc-d.pdf Graphic file (type pdf)
<use Pc-d.pdf>
Package pdftex.def Info: Pc-d.pdf  used on input line 440.
(pdftex.def)             Requested size: 422.57771pt x 298.61488pt.

Overfull \hbox (32.57771pt too wide) in paragraph at lines 440--441
 [][] 
 []


LaTeX Warning: `!h' float specifier changed to `!ht'.

<Bo-d.pdf, id=116, 845.1575pt x 597.23125pt>
File: Bo-d.pdf Graphic file (type pdf)
<use Bo-d.pdf>
Package pdftex.def Info: Bo-d.pdf  used on input line 447.
(pdftex.def)             Requested size: 422.57771pt x 298.61488pt.

Overfull \hbox (32.57771pt too wide) in paragraph at lines 447--448
 [][] 
 []


LaTeX Warning: `!h' float specifier changed to `!ht'.

[22 <./contalpha.png>]
Underfull \hbox (badness 3803) in paragraph at lines 469--470
[]\OT1/cmr/m/n/12 M. P. Allen and D. J. Tildes-ley.Computer Sim-u-la-tion of Li
q-
 []

[23 <./Pc-d.pdf>] [24 <./Bo-d.pdf>] (./Relatório Final Lívio-2018.aux) ) 
Here is how much of TeX's memory you used:
 2537 strings out of 494923
 34166 string characters out of 6180742
 88993 words of memory out of 5000000
 5791 multiletter control sequences out of 15000+600000
 10502 words of font info for 39 fonts, out of 8000000 for 9000
 14 hyphenation exceptions out of 8191
 41i,6n,25p,1333b,250s stack positions out of 5000i,500n,10000p,200000b,80000s
</usr
/share/texlive/texmf-dist/fonts/type1/public/amsfonts/cm/cmbx12.pfb></usr/share
/texlive/texmf-dist/fonts/type1/public/amsfonts/cm/cmex10.pfb></usr/share/texli
ve/texmf-dist/fonts/type1/public/amsfonts/cm/cmmi12.pfb></usr/share/texlive/tex
mf-dist/fonts/type1/public/amsfonts/cm/cmmi8.pfb></usr/share/texlive/texmf-dist
/fonts/type1/public/amsfonts/cm/cmr12.pfb></usr/share/texlive/texmf-dist/fonts/
type1/public/amsfonts/cm/cmr8.pfb></usr/share/texlive/texmf-dist/fonts/type1/pu
blic/amsfonts/cm/cmsl12.pfb></usr/share/texlive/texmf-dist/fonts/type1/public/a
msfonts/cm/cmsy10.pfb></usr/share/texlive/texmf-dist/fonts/type1/public/amsfont
s/cm/cmsy8.pfb></usr/share/texlive/texmf-dist/fonts/type1/public/amsfonts/cm/cm
ti12.pfb>
Output written on "Relatório Final Lívio-2018.pdf" (24 pages, 548842 bytes).
PDF statistics:
 191 PDF objects out of 1000 (max. 8388607)
 107 compressed objects within 2 object streams
 0 named destinations out of 1000 (max. 500000)
 106 words of extra memory for PDF output out of 10000 (max. 10000000)

