This is pdfTeX, Version 3.14159265-2.6-1.40.16 (TeX Live 2015/Debian) (preloaded format=pdflatex 2016.11.16)  2 FEB 2017 15:26
entering extended mode
 restricted \write18 enabled.
 %&-line parsing enabled.
**"relatorio final 2016 .tex"
(./relatorio final 2016 .tex
LaTeX2e <2016/02/01>
Babel <3.9q> and hyphenation patterns for 5 language(s) loaded.
(/usr/share/texlive/texmf-dist/tex/latex/base/article.cls
Document Class: article 2014/09/29 v1.4h Standard LaTeX document class
(/usr/share/texlive/texmf-dist/tex/latex/base/size12.clo
File: size12.clo 2014/09/29 v1.4h Standard LaTeX file (size option)
)
\c@part=\count79
\c@section=\count80
\c@subsection=\count81
\c@subsubsection=\count82
\c@paragraph=\count83
\c@subparagraph=\count84
\c@figure=\count85
\c@table=\count86
\abovecaptionskip=\skip41
\belowcaptionskip=\skip42
\bibindent=\dimen102
)
(/usr/share/texlive/texmf-dist/tex/latex/base/inputenc.sty
Package: inputenc 2015/03/17 v1.2c Input encoding file
\inpenc@prehook=\toks14
\inpenc@posthook=\toks15

(/usr/share/texlive/texmf-dist/tex/latex/base/ansinew.def
File: ansinew.def 2015/03/17 v1.2c Input encoding file
))
(/usr/share/texlive/texmf-dist/tex/latex/graphics/graphics.sty
Package: graphics 2016/01/03 v1.0q Standard LaTeX Graphics (DPC,SPQR)

(/usr/share/texlive/texmf-dist/tex/latex/graphics/trig.sty
Package: trig 2016/01/03 v1.10 sin cos tan (DPC)
)
(/usr/share/texlive/texmf-dist/tex/latex/latexconfig/graphics.cfg
File: graphics.cfg 2010/04/23 v1.9 graphics configuration of TeX Live
)
Package graphics Info: Driver file: pdftex.def on input line 95.

(/usr/share/texlive/texmf-dist/tex/latex/pdftex-def/pdftex.def
File: pdftex.def 2011/05/27 v0.06d Graphics/color for pdfTeX

(/usr/share/texlive/texmf-dist/tex/generic/oberdiek/infwarerr.sty
Package: infwarerr 2010/04/08 v1.3 Providing info/warning/error messages (HO)
)
(/usr/share/texlive/texmf-dist/tex/generic/oberdiek/ltxcmds.sty
Package: ltxcmds 2011/11/09 v1.22 LaTeX kernel commands for general use (HO)
)
\Gread@gobject=\count87
))
(/usr/share/texlive/texmf-dist/tex/latex/graphics/graphicx.sty
Package: graphicx 2014/10/28 v1.0g Enhanced LaTeX Graphics (DPC,SPQR)

(/usr/share/texlive/texmf-dist/tex/latex/graphics/keyval.sty
Package: keyval 2014/10/28 v1.15 key=value parser (DPC)
\KV@toks@=\toks16
)
\Gin@req@height=\dimen103
\Gin@req@width=\dimen104
)
(./relatorio final 2016 .aux)
\openout1 = `"relatorio final 2016 .aux"'.

LaTeX Font Info:    Checking defaults for OML/cmm/m/it on input line 6.
LaTeX Font Info:    ... okay on input line 6.
LaTeX Font Info:    Checking defaults for T1/cmr/m/n on input line 6.
LaTeX Font Info:    ... okay on input line 6.
LaTeX Font Info:    Checking defaults for OT1/cmr/m/n on input line 6.
LaTeX Font Info:    ... okay on input line 6.
LaTeX Font Info:    Checking defaults for OMS/cmsy/m/n on input line 6.
LaTeX Font Info:    ... okay on input line 6.
LaTeX Font Info:    Checking defaults for OMX/cmex/m/n on input line 6.
LaTeX Font Info:    ... okay on input line 6.
LaTeX Font Info:    Checking defaults for U/cmr/m/n on input line 6.
LaTeX Font Info:    ... okay on input line 6.

(/usr/share/texlive/texmf-dist/tex/context/base/supp-pdf.mkii
[Loading MPS to PDF converter (version 2006.09.02).]
\scratchcounter=\count88
\scratchdimen=\dimen105
\scratchbox=\box26
\nofMPsegments=\count89
\nofMParguments=\count90
\everyMPshowfont=\toks17
\MPscratchCnt=\count91
\MPscratchDim=\dimen106
\MPnumerator=\count92
\makeMPintoPDFobject=\count93
\everyMPtoPDFconversion=\toks18
) (/usr/share/texlive/texmf-dist/tex/generic/oberdiek/pdftexcmds.sty
Package: pdftexcmds 2011/11/29 v0.20 Utility functions of pdfTeX for LuaTeX (HO
)

(/usr/share/texlive/texmf-dist/tex/generic/oberdiek/ifluatex.sty
Package: ifluatex 2010/03/01 v1.3 Provides the ifluatex switch (HO)
Package ifluatex Info: LuaTeX not detected.
)
(/usr/share/texlive/texmf-dist/tex/generic/oberdiek/ifpdf.sty
Package: ifpdf 2011/01/30 v2.3 Provides the ifpdf switch (HO)
Package ifpdf Info: pdfTeX in PDF mode is detected.
)
Package pdftexcmds Info: LuaTeX not detected.
Package pdftexcmds Info: \pdf@primitive is available.
Package pdftexcmds Info: \pdf@ifprimitive is available.
Package pdftexcmds Info: \pdfdraftmode found.
)
(/usr/share/texlive/texmf-dist/tex/latex/oberdiek/epstopdf-base.sty
Package: epstopdf-base 2010/02/09 v2.5 Base part for package epstopdf

(/usr/share/texlive/texmf-dist/tex/latex/oberdiek/grfext.sty
Package: grfext 2010/08/19 v1.1 Manage graphics extensions (HO)

(/usr/share/texlive/texmf-dist/tex/generic/oberdiek/kvdefinekeys.sty
Package: kvdefinekeys 2011/04/07 v1.3 Define keys (HO)
))
(/usr/share/texlive/texmf-dist/tex/latex/oberdiek/kvoptions.sty
Package: kvoptions 2011/06/30 v3.11 Key value format for package options (HO)

(/usr/share/texlive/texmf-dist/tex/generic/oberdiek/kvsetkeys.sty
Package: kvsetkeys 2012/04/25 v1.16 Key value parser (HO)

(/usr/share/texlive/texmf-dist/tex/generic/oberdiek/etexcmds.sty
Package: etexcmds 2011/02/16 v1.5 Avoid name clashes with e-TeX commands (HO)
Package etexcmds Info: Could not find \expanded.
(etexcmds)             That can mean that you are not using pdfTeX 1.50 or
(etexcmds)             that some package has redefined \expanded.
(etexcmds)             In the latter case, load this package earlier.
)))
Package grfext Info: Graphics extension search list:
(grfext)             [.png,.pdf,.jpg,.mps,.jpeg,.jbig2,.jb2,.PNG,.PDF,.JPG,.JPE
G,.JBIG2,.JB2,.eps]
(grfext)             \AppendGraphicsExtensions on input line 452.

(/usr/share/texlive/texmf-dist/tex/latex/latexconfig/epstopdf-sys.cfg
File: epstopdf-sys.cfg 2010/07/13 v1.3 Configuration of (r)epstopdf for TeX Liv
e
))
<federal.JPG, id=1, 144.54pt x 118.19156pt>
File: federal.JPG Graphic file (type jpg)
 <use federal.JPG>
Package pdftex.def Info: federal.JPG used on input line 10.
(pdftex.def)             Requested size: 115.63214pt x 94.55338pt.
 [1

{/var/lib/texmf/fonts/map/pdftex/updmap/pdftex.map} <./federal.JPG>] [2]
(./relatorio final 2016 .toc
LaTeX Font Info:    External font `cmex10' loaded for size
(Font)              <12> on input line 12.
LaTeX Font Info:    External font `cmex10' loaded for size
(Font)              <8> on input line 12.
LaTeX Font Info:    External font `cmex10' loaded for size
(Font)              <6> on input line 12.
)
\tf@toc=\write3
\openout3 = `"relatorio final 2016 .toc"'.

 [3]
Overfull \hbox (4.2348pt too wide) in paragraph at lines 82--83
\OT1/cmr/m/n/12 mec^anica com a ter-modin^amica (Mec^anica Es-tat^^S^^Pstica), 
e do eletro-mag-netismo
 []

[4] [5] [6] [7] <pacotedeonda.png, id=34, 459.21562pt x 150.5625pt>
File: pacotedeonda.png Graphic file (type png)

<use pacotedeonda.png>
Package pdftex.def Info: pacotedeonda.png used on input line 157.
(pdftex.def)             Requested size: 321.44873pt x 105.39302pt.
 [8 <./pacotedeonda.png>] [9]
Overfull \hbox (2.25023pt too wide) in paragraph at lines 179--181
 [] \OT1/cmr/m/n/12 Agrade^^Xco a UFPI, CAPES e CNPq pelo apoio log^^S^^Pstico 
e fi-nan-ceiro prestado
 []

File: federal.JPG Graphic file (type jpg)
<use federal.JPG>
Package pdftex.def Info: federal.JPG used on input line 184.
(pdftex.def)             Requested size: 101.17729pt x 82.73352pt.
 <capes.png, id=44, 57.816pt x 44.8074pt>
File: capes.png Graphic file (type png)
 <use capes.png>
Package pdftex.def Info: capes.png used on input line 191.
(pdftex.def)             Requested size: 86.72375pt x 67.21092pt.

<cnpq.jpg, id=45, 1606.0pt x 686.565pt>
File: cnpq.jpg Graphic file (type jpg)
 <use cnpq.jpg>
Package pdftex.def Info: cnpq.jpg used on input line 197.
(pdftex.def)             Requested size: 160.6094pt x 68.66052pt.
 [10 <./capes.png> <./cnpq.jpg>] [11] [12] [13]
LaTeX Font Info:    External font `cmex10' loaded for size
(Font)              <17.28> on input line 329.


LaTeX Warning: Reference `8' on page 14 undefined on input line 330.


LaTeX Warning: Reference `8' on page 14 undefined on input line 330.


Overfull \hbox (25.59297pt too wide) in alignment at lines 331--333
 [][][] []
 []

[14]
Overfull \hbox (0.56352pt too wide) in alignment at lines 415--418
 [][][] []
 []


Overfull \hbox (3.79008pt too wide) in alignment at lines 420--432
 [][][] []
 []

[15] [16] [17] <artigo.png, id=72, 554.82281pt x 210.03468pt>
File: artigo.png Graphic file (type png)
 <use artigo.png>
Package pdftex.def Info: artigo.png used on input line 478.
(pdftex.def)             Requested size: 443.85886pt x 168.02797pt.

Overfull \hbox (53.85886pt too wide) in paragraph at lines 478--479
 [][] 
 []

[18 <./artigo.png>] (./relatorio final 2016 .aux)

LaTeX Warning: There were undefined references.

 ) 
Here is how much of TeX's memory you used:
 1623 strings out of 494910
 22876 string characters out of 6179835
 90912 words of memory out of 5000000
 4910 multiletter control sequences out of 15000+600000
 8509 words of font info for 30 fonts, out of 8000000 for 9000
 36 hyphenation exceptions out of 8191
 37i,9n,23p,1687b,250s stack positions out of 5000i,500n,10000p,200000b,80000s
</usr/share/texlive/texmf-dist/fonts/type1/public/amsfonts/cm/cmbx12.pfb></us
r/share/texlive/texmf-dist/fonts/type1/public/amsfonts/cm/cmex10.pfb></usr/shar
e/texlive/texmf-dist/fonts/type1/public/amsfonts/cm/cmmi12.pfb></usr/share/texl
ive/texmf-dist/fonts/type1/public/amsfonts/cm/cmmi8.pfb></usr/share/texlive/tex
mf-dist/fonts/type1/public/amsfonts/cm/cmr12.pfb></usr/share/texlive/texmf-dist
/fonts/type1/public/amsfonts/cm/cmr6.pfb></usr/share/texlive/texmf-dist/fonts/t
ype1/public/amsfonts/cm/cmr8.pfb></usr/share/texlive/texmf-dist/fonts/type1/pub
lic/amsfonts/cm/cmsy10.pfb></usr/share/texlive/texmf-dist/fonts/type1/public/am
sfonts/cm/cmsy8.pfb>
Output written on "relatorio final 2016 .pdf" (18 pages, 487094 bytes).
PDF statistics:
 107 PDF objects out of 1000 (max. 8388607)
 69 compressed objects within 1 object stream
 0 named destinations out of 1000 (max. 500000)
 26 words of extra memory for PDF output out of 10000 (max. 10000000)

