Maximum prime: 48611
Enter C-C bond length in Angstroms:
input-->1.42000
Enter the temperature in K:
input-->0
Enter the time step to put in coord.d:
input-->0.5

Nanotube length compatibility table, without mirrors:
n\m:  0  1  2  3  4  5  6  7  8  9 10 11 12 13 14 15 
 1    ^  _                                          
 2    ^  A  _                                       
 3    ^  B  C  _                                    
 4    ^  D  A  E  _                                 
 5    ^  F  G  ^  H  _                              
 6    ^  I  B  A  C  J  _                           
 7    ^  K  L  M  N  O  P  _                        
 8    ^  Q  D  R  A  S  E  ^  _                     
 9    ^  J  T  B  U  V  C  W  X  _                  
10    ^  Y  F  Z  G  A  ^  a  H  b  _               
11    ^  U  _  c  d  e  f  g  h  i  j  _            
12    ^  k  I  D  B  l  A  m  C  E  J  n  _         
13    ^  o  p  X  q  r  s  t  u  v  w  x  y  _      
14    ^  z  K  g  L  1  M  A  N  2  O  3  P  4  _   
15    ^  5  r  F  i  B  G  6  7  ^  C  8  H  9  0  _

Enter one of:
        vec    (add a tube with a given chiral vector)
        rad    (search for a tube of a desired radius
        file   (adds the data from a coord.d-type file)
        quit   (aborts program)
Choice:
input-->vec
Enter the chiral vector n,m:
input-->8,0
Translation (axial) vector:   1  -2
Atoms per period:   32
Tube area error:  -0.18E-06
Enter the length stretching factor:
input-->1
Nanotube axial period length:     4.26000
Enter the radius stretching factor:
input-->1
Nanotube radius:     3.13155
Enter any x, y, z (axial) tube displacements:
input-->0,0,0
Enter degrees angular rotation aroud the z-axis:
input-->0

Radii of the tubes defined so far:
      3.13

Enter one of:
        vec    (add a tube with a given chiral vector)
        rad    (search for a tube of a desired radius
        file   (adds the data from a coord.d-type file)
        undo   (to delete the last tube again)
        done   (to process the tubes so far)
        quit   (aborts program)
Choice:
input-->done

==============================================================
Finalizing the tube(s)
Atoms per period:   32
Enter number of axial periods:
input-->3
Enter the axial periodic box size:
input-->  12.7799988
Total number of atoms:   96
Tube:   1    periods:   3    strain:  0.0000
File coord.d generated
